

Microchip Technology PIC18 LITE Macro Assembler V1.33 build 59893 
                                                                                               Wed Oct  2 21:45:58 2019

Microchip Technology Omniscient Code Generator (Lite mode) build 59893
     1                           	processor	18F4550
     2                           	fnconf	rparam,??,?,0
     3                           	opt	pw 120
     4                           	opt	lm
     5                           	psect	idataCOMRAM,global,class=CODE,delta=1
     6                           	psect	cinit,global,reloc=2,class=CODE,delta=1
     7                           	psect	bssCOMRAM,global,class=COMRAM,space=1,delta=1
     8                           	psect	dataCOMRAM,global,class=COMRAM,space=1,delta=1
     9                           	psect	cstackCOMRAM,global,class=COMRAM,space=1,delta=1
    10                           	psect	text0,global,reloc=2,class=CODE,delta=1
    11                           	psect	text1,global,reloc=2,class=CODE,delta=1
    12                           	psect	intcode,global,reloc=2,class=CODE,delta=1
    13                           	psect	intcode_body,global,reloc=2,class=CODE,delta=1
    14                           	psect	text3,global,reloc=2,class=CODE,delta=1
    15                           	psect	text4,global,reloc=2,class=CODE,delta=1
    16                           	psect	text5,global,reloc=2,class=CODE,delta=1
    17                           	psect	text6,global,reloc=2,class=CODE,delta=1
    18                           	psect	text7,global,reloc=2,class=CODE,delta=1
    19                           	psect	intsave_regs,global,class=BIGRAM,space=1,delta=1
    20                           	psect	text8,global,reloc=2,class=CODE,delta=1
    21                           	psect	rparam,global,class=COMRAM,space=1,delta=1
    22  0000                     
    23                           	psect	idataCOMRAM
    24  00022C                     __pidataCOMRAM:
    25                           	opt stack 0
    26                           
    27                           ;initializer for _mpap_step
    28  00022C  0242               	dw	__mpap_step1& (0+65535)
    29  00022E  023C               	dw	__mpap_step2& (0+65535)
    30  000230  0236               	dw	__mpap_step3& (0+65535)
    31  000232  0248               	dw	__mpap_step4& (0+65535)
    32                           
    33                           ;initializer for mpap_do1step@i
    34  000234  FF                 	db	255
    35  0000                     _LATD	set	3980
    36  0000                     _T0CON	set	4053
    37  0000                     _TMR0H	set	4055
    38  0000                     _TMR0L	set	4054
    39  0000                     _TRISD	set	3989
    40  0000                     _GIE	set	32663
    41  0000                     _LATC1	set	31833
    42  0000                     _PEIE	set	32662
    43  0000                     _TMR0IE	set	32661
    44  0000                     _TMR0IF	set	32658
    45  0000                     _TRISC1	set	31905
    46                           
    47                           ; #config settings
    48  0000                     
    49                           	psect	cinit
    50  0001E0                     __pcinit:
    51                           	opt stack 0
    52  0001E0                     start_initialization:
    53                           	opt stack 0
    54  0001E0                     __initialization:
    55                           	opt stack 0
    56                           
    57                           ; Clear objects allocated to COMRAM (1 bytes)
    58  0001E0  6A1E               	clrf	__pbssCOMRAM& (0+255),c
    59                           
    60                           ; Initialize objects allocated to COMRAM (9 bytes)
    61                           ; load TBLPTR registers with __pidataCOMRAM
    62  0001E2  0E2C               	movlw	low __pidataCOMRAM
    63  0001E4  6EF6               	movwf	tblptrl,c
    64  0001E6  0E02               	movlw	high __pidataCOMRAM
    65  0001E8  6EF7               	movwf	tblptrh,c
    66  0001EA  0E00               	movlw	low (__pidataCOMRAM shr (0+16))
    67  0001EC  6EF8               	movwf	tblptru,c
    68  0001EE  EE00  F015         	lfsr	0,__pdataCOMRAM
    69  0001F2  EE10 F009          	lfsr	1,9
    70  0001F6                     copy_data0:
    71  0001F6  0009               	tblrd		*+
    72  0001F8  CFF5 FFEE          	movff	tablat,postinc0
    73  0001FC  50E5               	movf	postdec1,w,c
    74  0001FE  50E1               	movf	fsr1l,w,c
    75  000200  E1FA               	bnz	copy_data0
    76  000202                     end_of_initialization:
    77                           	opt stack 0
    78  000202                     __end_of__initialization:
    79                           	opt stack 0
    80  000202  0E00               	movlw	low (__Lmediumconst shr (0+16))
    81  000204  6EF8               	movwf	tblptru,c
    82  000206  0100               	movlb	0
    83  000208  EF06  F001         	goto	_main	;jump to C main() function
    84                           tblptru	equ	0xFF8
    85                           tblptrh	equ	0xFF7
    86                           tblptrl	equ	0xFF6
    87                           tablat	equ	0xFF5
    88                           postinc0	equ	0xFEE
    89                           postdec1	equ	0xFE5
    90                           fsr1l	equ	0xFE1
    91                           
    92                           	psect	bssCOMRAM
    93  00001E                     __pbssCOMRAM:
    94                           	opt stack 0
    95  00001E                     INTERRUPCION@cticks:
    96                           	opt stack 0
    97  00001E                     	ds	1
    98                           tblptru	equ	0xFF8
    99                           tblptrh	equ	0xFF7
   100                           tblptrl	equ	0xFF6
   101                           tablat	equ	0xFF5
   102                           postinc0	equ	0xFEE
   103                           postdec1	equ	0xFE5
   104                           fsr1l	equ	0xFE1
   105                           
   106                           	psect	dataCOMRAM
   107  000015                     __pdataCOMRAM:
   108                           	opt stack 0
   109  000015                     _mpap_step:
   110                           	opt stack 0
   111  000015                     	ds	8
   112  00001D                     mpap_do1step@i:
   113                           	opt stack 0
   114  00001D                     	ds	1
   115                           tblptru	equ	0xFF8
   116                           tblptrh	equ	0xFF7
   117                           tblptrl	equ	0xFF6
   118                           tablat	equ	0xFF5
   119                           postinc0	equ	0xFEE
   120                           postdec1	equ	0xFE5
   121                           fsr1l	equ	0xFE1
   122                           
   123                           	psect	cstackCOMRAM
   124  000001                     __pcstackCOMRAM:
   125                           	opt stack 0
   126  000001                     mpap_do1step@KI:
   127                           	opt stack 0
   128                           
   129                           ; 1 bytes @ 0x0
   130  000001                     	ds	1
   131  000002                     ??_INTERRUPCION:
   132                           
   133                           ; 0 bytes @ 0x1
   134  000002                     	ds	14
   135  000010                     ??_halpstep:
   136                           
   137                           ; 0 bytes @ 0xF
   138  000010                     	ds	1
   139  000011                     halpstep@d:
   140                           	opt stack 0
   141                           
   142                           ; 2 bytes @ 0x10
   143  000011                     	ds	2
   144  000013                     halpstep@i:
   145                           	opt stack 0
   146                           
   147                           ; 2 bytes @ 0x12
   148  000013                     	ds	2
   149  000015                     tblptru	equ	0xFF8
   150                           tblptrh	equ	0xFF7
   151                           tblptrl	equ	0xFF6
   152                           tablat	equ	0xFF5
   153                           postinc0	equ	0xFEE
   154                           postdec1	equ	0xFE5
   155                           fsr1l	equ	0xFE1
   156                           
   157                           ; 0 bytes @ 0x14
   158 ;;
   159 ;;Main: autosize = 0, tempsize = 0, incstack = 0, save=0
   160 ;;
   161 ;; *************** function _main *****************
   162 ;; Defined at:
   163 ;;		line 126 in file "bipolar1.c"
   164 ;; Parameters:    Size  Location     Type
   165 ;;		None
   166 ;; Auto vars:     Size  Location     Type
   167 ;;		None
   168 ;; Return value:  Size  Location     Type
   169 ;;		None               void
   170 ;; Registers used:
   171 ;;		wreg, status,2, status,0, cstack
   172 ;; Tracked objects:
   173 ;;		On entry : 0/0
   174 ;;		On exit  : 0/0
   175 ;;		Unchanged: 0/0
   176 ;; Data sizes:     COMRAM   BANK0   BANK1   BANK2   BANK3   BANK4   BANK5   BANK6   BANK7
   177 ;;      Params:         0       0       0       0       0       0       0       0       0
   178 ;;      Locals:         0       0       0       0       0       0       0       0       0
   179 ;;      Temps:          0       0       0       0       0       0       0       0       0
   180 ;;      Totals:         0       0       0       0       0       0       0       0       0
   181 ;;Total ram usage:        0 bytes
   182 ;; Hardware stack levels required when called:    4
   183 ;; This function calls:
   184 ;;		_halpstep
   185 ;; This function is called by:
   186 ;;		Startup code after reset
   187 ;; This function uses a non-reentrant model
   188 ;;
   189                           
   190                           	psect	text0
   191  00020C                     __ptext0:
   192                           	opt stack 0
   193  00020C                     _main:
   194                           	opt stack 27
   195                           
   196                           ;bipolar1.c: 128: TRISC1 = 0;
   197                           
   198                           ;incstack = 0
   199  00020C  9294               	bcf	3988,1,c	;volatile
   200                           
   201                           ;bipolar1.c: 129: LATC1 = 1;
   202  00020E  828B               	bsf	3979,1,c	;volatile
   203                           
   204                           ;bipolar1.c: 132: TRISD = 0;
   205  000210  0E00               	movlw	0
   206  000212  6E95               	movwf	3989,c	;volatile
   207                           
   208                           ;bipolar1.c: 134: halpstep();
   209  000214  EC0E  F000         	call	_halpstep	;wreg free
   210                           
   211                           ;bipolar1.c: 137: T0CON = 0B10000100;
   212  000218  0E84               	movlw	132
   213  00021A  6ED5               	movwf	4053,c	;volatile
   214                           
   215                           ;bipolar1.c: 138: TMR0H = (uint8_t)((uint16_t)((1UL<<16) - ( 1e-3 *48000000UL / (32*4)) 
      +                          ) >> 8);
   216  00021C  0EFE               	movlw	254
   217  00021E  6ED7               	movwf	4055,c	;volatile
   218                           
   219                           ;bipolar1.c: 139: TMR0L = (uint8_t)((uint16_t)((1UL<<16) - ( 1e-3 *48000000UL / (32*4)) 
      +                          ));
   220  000220  0E89               	movlw	137
   221  000222  6ED6               	movwf	4054,c	;volatile
   222                           
   223                           ;bipolar1.c: 140: TMR0IE = 1;
   224  000224  8AF2               	bsf	intcon,5,c	;volatile
   225                           
   226                           ;bipolar1.c: 142: PEIE = 1;
   227  000226  8CF2               	bsf	intcon,6,c	;volatile
   228                           
   229                           ;bipolar1.c: 143: GIE = 1;
   230  000228  8EF2               	bsf	intcon,7,c	;volatile
   231  00022A                     l68:
   232  00022A  D7FF               	goto	l68
   233  00022C                     __end_of_main:
   234                           	opt stack 0
   235                           tblptru	equ	0xFF8
   236                           tblptrh	equ	0xFF7
   237                           tblptrl	equ	0xFF6
   238                           tablat	equ	0xFF5
   239                           intcon	equ	0xFF2
   240                           postinc0	equ	0xFEE
   241                           postdec1	equ	0xFE5
   242                           fsr1l	equ	0xFE1
   243                           
   244 ;; *************** function _halpstep *****************
   245 ;; Defined at:
   246 ;;		line 59 in file "bipolar1.c"
   247 ;; Parameters:    Size  Location     Type
   248 ;;		None
   249 ;; Auto vars:     Size  Location     Type
   250 ;;  i               2   18[COMRAM] int 
   251 ;;  d               2   16[COMRAM] int 
   252 ;; Return value:  Size  Location     Type
   253 ;;		None               void
   254 ;; Registers used:
   255 ;;		wreg, status,2, status,0
   256 ;; Tracked objects:
   257 ;;		On entry : 0/0
   258 ;;		On exit  : 0/0
   259 ;;		Unchanged: 0/0
   260 ;; Data sizes:     COMRAM   BANK0   BANK1   BANK2   BANK3   BANK4   BANK5   BANK6   BANK7
   261 ;;      Params:         0       0       0       0       0       0       0       0       0
   262 ;;      Locals:         4       0       0       0       0       0       0       0       0
   263 ;;      Temps:          1       0       0       0       0       0       0       0       0
   264 ;;      Totals:         5       0       0       0       0       0       0       0       0
   265 ;;Total ram usage:        5 bytes
   266 ;; Hardware stack levels used:    1
   267 ;; Hardware stack levels required when called:    3
   268 ;; This function calls:
   269 ;;		Nothing
   270 ;; This function is called by:
   271 ;;		_main
   272 ;; This function uses a non-reentrant model
   273 ;;
   274                           
   275                           	psect	text1
   276  00001C                     __ptext1:
   277                           	opt stack 0
   278  00001C                     _halpstep:
   279                           	opt stack 27
   280  00001C                     l48:
   281                           
   282                           ;bipolar1.c: 63: {
   283                           ;bipolar1.c: 64: for (i=0; i<200; i++)
   284  00001C  0E00               	movlw	0
   285  00001E  6E14               	movwf	halpstep@i+1,c
   286  000020  0E00               	movlw	0
   287  000022  6E13               	movwf	halpstep@i,c
   288  000024  5014               	movf	halpstep@i+1,w,c
   289  000026  0A80               	xorlw	128
   290  000028  0F80               	addlw	-128
   291  00002A  0EC8               	movlw	200
   292  00002C  B4D8               	btfsc	status,2,c
   293  00002E  5C13               	subwf	halpstep@i,w,c
   294  000030  B0D8               	btfsc	status,0,c
   295  000032  D053               	goto	l710
   296                           
   297                           ;bipolar1.c: 65: {
   298                           ;bipolar1.c: 66: LATD = 0B00001110;
   299  000034  0E0E               	movlw	14
   300  000036  6E8C               	movwf	3980,c	;volatile
   301                           
   302                           ;bipolar1.c: 67: _delay((unsigned long)((1000)*(48000000UL/4000000.0)));
   303  000038  0E10               	movlw	16
   304  00003A  6E10               	movwf	??_halpstep& (0+255),c
   305  00003C  0E94               	movlw	148
   306  00003E                     u147:
   307  00003E  2EE8               	decfsz	wreg,f,c
   308  000040  D7FE               	goto	u147
   309  000042  2E10               	decfsz	??_halpstep& (0+255),f,c
   310  000044  D7FC               	goto	u147
   311  000046  D000               	nop2	
   312                           
   313                           ;bipolar1.c: 69: LATD = 0B00000010;
   314  000048  0E02               	movlw	2
   315  00004A  6E8C               	movwf	3980,c	;volatile
   316                           
   317                           ;bipolar1.c: 70: _delay((unsigned long)((1000)*(48000000UL/4000000.0)));
   318  00004C  0E10               	movlw	16
   319  00004E  6E10               	movwf	??_halpstep& (0+255),c
   320  000050  0E94               	movlw	148
   321  000052                     u157:
   322  000052  2EE8               	decfsz	wreg,f,c
   323  000054  D7FE               	goto	u157
   324  000056  2E10               	decfsz	??_halpstep& (0+255),f,c
   325  000058  D7FC               	goto	u157
   326  00005A  D000               	nop2	
   327                           
   328                           ;bipolar1.c: 72: LATD = 0B00000011;
   329  00005C  0E03               	movlw	3
   330  00005E  6E8C               	movwf	3980,c	;volatile
   331                           
   332                           ;bipolar1.c: 73: _delay((unsigned long)((1000)*(48000000UL/4000000.0)));
   333  000060  0E10               	movlw	16
   334  000062  6E10               	movwf	??_halpstep& (0+255),c
   335  000064  0E94               	movlw	148
   336  000066                     u167:
   337  000066  2EE8               	decfsz	wreg,f,c
   338  000068  D7FE               	goto	u167
   339  00006A  2E10               	decfsz	??_halpstep& (0+255),f,c
   340  00006C  D7FC               	goto	u167
   341  00006E  D000               	nop2	
   342                           
   343                           ;bipolar1.c: 75: LATD = 0B00000000;
   344  000070  0E00               	movlw	0
   345  000072  6E8C               	movwf	3980,c	;volatile
   346                           
   347                           ;bipolar1.c: 76: _delay((unsigned long)((1000)*(48000000UL/4000000.0)));
   348  000074  0E10               	movlw	16
   349  000076  6E10               	movwf	??_halpstep& (0+255),c
   350  000078  0E94               	movlw	148
   351  00007A                     u177:
   352  00007A  2EE8               	decfsz	wreg,f,c
   353  00007C  D7FE               	goto	u177
   354  00007E  2E10               	decfsz	??_halpstep& (0+255),f,c
   355  000080  D7FC               	goto	u177
   356  000082  D000               	nop2	
   357                           
   358                           ;bipolar1.c: 78: LATD = 0B00001000;
   359  000084  0E08               	movlw	8
   360  000086  6E8C               	movwf	3980,c	;volatile
   361                           
   362                           ;bipolar1.c: 79: _delay((unsigned long)((1000)*(48000000UL/4000000.0)));
   363  000088  0E10               	movlw	16
   364  00008A  6E10               	movwf	??_halpstep& (0+255),c
   365  00008C  0E94               	movlw	148
   366  00008E                     u187:
   367  00008E  2EE8               	decfsz	wreg,f,c
   368  000090  D7FE               	goto	u187
   369  000092  2E10               	decfsz	??_halpstep& (0+255),f,c
   370  000094  D7FC               	goto	u187
   371  000096  D000               	nop2	
   372                           
   373                           ;bipolar1.c: 81: LATD = 0B00000100;
   374  000098  0E04               	movlw	4
   375  00009A  6E8C               	movwf	3980,c	;volatile
   376                           
   377                           ;bipolar1.c: 82: _delay((unsigned long)((1000)*(48000000UL/4000000.0)));
   378  00009C  0E10               	movlw	16
   379  00009E  6E10               	movwf	??_halpstep& (0+255),c
   380  0000A0  0E94               	movlw	148
   381  0000A2                     u197:
   382  0000A2  2EE8               	decfsz	wreg,f,c
   383  0000A4  D7FE               	goto	u197
   384  0000A6  2E10               	decfsz	??_halpstep& (0+255),f,c
   385  0000A8  D7FC               	goto	u197
   386  0000AA  D000               	nop2	
   387                           
   388                           ;bipolar1.c: 84: LATD = 0B00000101;
   389  0000AC  0E05               	movlw	5
   390  0000AE  6E8C               	movwf	3980,c	;volatile
   391                           
   392                           ;bipolar1.c: 85: _delay((unsigned long)((1000)*(48000000UL/4000000.0)));
   393  0000B0  0E10               	movlw	16
   394  0000B2  6E10               	movwf	??_halpstep& (0+255),c
   395  0000B4  0E94               	movlw	148
   396  0000B6                     u207:
   397  0000B6  2EE8               	decfsz	wreg,f,c
   398  0000B8  D7FE               	goto	u207
   399  0000BA  2E10               	decfsz	??_halpstep& (0+255),f,c
   400  0000BC  D7FC               	goto	u207
   401  0000BE  D000               	nop2	
   402                           
   403                           ;bipolar1.c: 87: LATD = 0B00000110;
   404  0000C0  0E06               	movlw	6
   405  0000C2  6E8C               	movwf	3980,c	;volatile
   406                           
   407                           ;bipolar1.c: 88: _delay((unsigned long)((1000)*(48000000UL/4000000.0)));
   408  0000C4  0E10               	movlw	16
   409  0000C6  6E10               	movwf	??_halpstep& (0+255),c
   410  0000C8  0E94               	movlw	148
   411  0000CA                     u217:
   412  0000CA  2EE8               	decfsz	wreg,f,c
   413  0000CC  D7FE               	goto	u217
   414  0000CE  2E10               	decfsz	??_halpstep& (0+255),f,c
   415  0000D0  D7FC               	goto	u217
   416  0000D2  D000               	nop2	
   417  0000D4  4A13               	infsnz	halpstep@i,f,c
   418  0000D6  2A14               	incf	halpstep@i+1,f,c
   419  0000D8  D7A5               	goto	L1
   420  0000DA                     l710:
   421                           
   422                           ;bipolar1.c: 90: }
   423                           ;bipolar1.c: 91: LATD = 0B00001111;
   424  0000DA  0E0F               	movlw	15
   425  0000DC  6E8C               	movwf	3980,c	;volatile
   426                           
   427                           ;bipolar1.c: 93: for (d=0; d<200; d++)
   428  0000DE  0E00               	movlw	0
   429  0000E0  6E12               	movwf	halpstep@d+1,c
   430  0000E2  0E00               	movlw	0
   431  0000E4  6E11               	movwf	halpstep@d,c
   432  0000E6  5012               	movf	halpstep@d+1,w,c
   433  0000E8  0A80               	xorlw	128
   434  0000EA  0F80               	addlw	-128
   435  0000EC  0EC8               	movlw	200
   436  0000EE  B4D8               	btfsc	status,2,c
   437  0000F0  5C11               	subwf	halpstep@d,w,c
   438  0000F2  B0D8               	btfsc	status,0,c
   439  0000F4  D793               	goto	l48
   440                           
   441                           ;bipolar1.c: 94: _delay((unsigned long)((10)*(48000000UL/4000.0)));
   442  0000F6  0E9C               	movlw	156
   443  0000F8  6E10               	movwf	??_halpstep& (0+255),c
   444  0000FA  0ED7               	movlw	215
   445  0000FC                     u227:
   446  0000FC  2EE8               	decfsz	wreg,f,c
   447  0000FE  D7FE               	goto	u227
   448  000100  2E10               	decfsz	??_halpstep& (0+255),f,c
   449  000102  D7FC               	goto	u227
   450  000104  F000               	nop	
   451  000106  4A11               	infsnz	halpstep@d,f,c
   452  000108  2A12               	incf	halpstep@d+1,f,c
   453  00010A  D7ED               	goto	L2
   454  00010C                     __end_of_halpstep:
   455                           	opt stack 0
   456                           tblptru	equ	0xFF8
   457                           tblptrh	equ	0xFF7
   458                           tblptrl	equ	0xFF6
   459                           tablat	equ	0xFF5
   460                           intcon	equ	0xFF2
   461                           postinc0	equ	0xFEE
   462                           wreg	equ	0xFE8
   463                           postdec1	equ	0xFE5
   464                           fsr1l	equ	0xFE1
   465                           status	equ	0xFD8
   466                           
   467 ;; *************** function _INTERRUPCION *****************
   468 ;; Defined at:
   469 ;;		line 152 in file "bipolar1.c"
   470 ;; Parameters:    Size  Location     Type
   471 ;;		None
   472 ;; Auto vars:     Size  Location     Type
   473 ;;		None
   474 ;; Return value:  Size  Location     Type
   475 ;;		None               void
   476 ;; Registers used:
   477 ;;		wreg, fsr2l, fsr2h, status,2, status,0, pclat, tosl, prodl, prodh, cstack
   478 ;; Tracked objects:
   479 ;;		On entry : 0/0
   480 ;;		On exit  : 0/0
   481 ;;		Unchanged: 0/0
   482 ;; Data sizes:     COMRAM   BANK0   BANK1   BANK2   BANK3   BANK4   BANK5   BANK6   BANK7
   483 ;;      Params:         0       0       0       0       0       0       0       0       0
   484 ;;      Locals:         0       0       0       0       0       0       0       0       0
   485 ;;      Temps:         14       0       0       0       0       0       0       0       0
   486 ;;      Totals:        14       0       0       0       0       0       0       0       0
   487 ;;Total ram usage:       14 bytes
   488 ;; Hardware stack levels used:    1
   489 ;; Hardware stack levels required when called:    2
   490 ;; This function calls:
   491 ;;		_mpap_do1step
   492 ;; This function is called by:
   493 ;;		Interrupt level 2
   494 ;; This function uses a non-reentrant model
   495 ;;
   496                           
   497                           	psect	intcode
   498  000008                     __pintcode:
   499                           	opt stack 0
   500  000008                     _INTERRUPCION:
   501                           	opt stack 27
   502                           
   503                           ;incstack = 0
   504  000008  CFFA F002          	movff	pclath,??_INTERRUPCION
   505  00000C  CFFB F003          	movff	pclatu,??_INTERRUPCION+1
   506  000010  CFE9 F004          	movff	fsr0l,??_INTERRUPCION+2
   507  000014  ED86  F000         	call	int_func,f	;refresh shadow registers
   508                           pclatu	equ	0xFFB
   509                           pclath	equ	0xFFA
   510                           tblptru	equ	0xFF8
   511                           tblptrh	equ	0xFF7
   512                           tblptrl	equ	0xFF6
   513                           tablat	equ	0xFF5
   514                           intcon	equ	0xFF2
   515                           postinc0	equ	0xFEE
   516                           fsr0l	equ	0xFE9
   517                           wreg	equ	0xFE8
   518                           postdec1	equ	0xFE5
   519                           fsr1l	equ	0xFE1
   520                           status	equ	0xFD8
   521                           
   522                           	psect	intcode_body
   523  00010C                     __pintcode_body:
   524                           	opt stack 27
   525  00010C                     int_func:
   526                           	opt stack 27
   527  00010C  0006               	pop		; remove dummy address from shadow register refresh
   528  00010E  CFEA F005          	movff	fsr0h,??_INTERRUPCION+3
   529  000112  CFE1 F006          	movff	fsr1l,??_INTERRUPCION+4
   530  000116  CFE2 F007          	movff	fsr1h,??_INTERRUPCION+5
   531  00011A  CFD9 F008          	movff	fsr2l,??_INTERRUPCION+6
   532  00011E  CFDA F009          	movff	fsr2h,??_INTERRUPCION+7
   533  000122  CFF3 F00A          	movff	prodl,??_INTERRUPCION+8
   534  000126  CFF4 F00B          	movff	prodh,??_INTERRUPCION+9
   535  00012A  CFF6 F00C          	movff	tblptrl,??_INTERRUPCION+10
   536  00012E  CFF7 F00D          	movff	tblptrh,??_INTERRUPCION+11
   537  000132  CFF8 F00E          	movff	tblptru,??_INTERRUPCION+12
   538  000136  CFF5 F00F          	movff	tablat,??_INTERRUPCION+13
   539                           
   540                           ;bipolar1.c: 154: static int8_t cticks;
   541                           ;bipolar1.c: 159: if (TMR0IF)
   542  00013A  A4F2               	btfss	intcon,2,c	;volatile
   543  00013C  D010               	goto	i2l78
   544                           
   545                           ;bipolar1.c: 160: {
   546                           ;bipolar1.c: 163: if (++cticks >= 2)
   547  00013E  2A1E               	incf	INTERRUPCION@cticks,f,c
   548  000140  501E               	movf	INTERRUPCION@cticks& (0+255),w,c
   549  000142  0A80               	xorlw	128
   550  000144  0F7E               	addlw	-130
   551  000146  A0D8               	btfss	status,0,c
   552  000148  D005               	goto	i2l778
   553                           
   554                           ;bipolar1.c: 164: {
   555                           ;bipolar1.c: 166: mpap_do1step(1);
   556  00014A  0E01               	movlw	1
   557  00014C  ECCC  F000         	call	_mpap_do1step
   558                           
   559                           ;bipolar1.c: 167: cticks = 0x00;
   560  000150  0E00               	movlw	0
   561  000152  6E1E               	movwf	INTERRUPCION@cticks,c
   562  000154                     i2l778:
   563                           
   564                           ;bipolar1.c: 168: }
   565                           ;bipolar1.c: 170: TMR0IF = 0;
   566  000154  94F2               	bcf	intcon,2,c	;volatile
   567                           
   568                           ;bipolar1.c: 171: TMR0H = (uint8_t)((uint16_t)((1UL<<16) - ( 1e-3 *48000000UL / (32*4)) 
      +                          ) >> 8);
   569  000156  0EFE               	movlw	254
   570  000158  6ED7               	movwf	4055,c	;volatile
   571                           
   572                           ;bipolar1.c: 172: TMR0L = (uint8_t)((uint16_t)((1UL<<16) - ( 1e-3 *48000000UL / (32*4)) 
      +                          ));
   573  00015A  0E89               	movlw	137
   574  00015C  6ED6               	movwf	4054,c	;volatile
   575  00015E                     i2l78:
   576  00015E  C00F  FFF5         	movff	??_INTERRUPCION+13,tablat
   577  000162  C00E  FFF8         	movff	??_INTERRUPCION+12,tblptru
   578  000166  C00D  FFF7         	movff	??_INTERRUPCION+11,tblptrh
   579  00016A  C00C  FFF6         	movff	??_INTERRUPCION+10,tblptrl
   580  00016E  C00B  FFF4         	movff	??_INTERRUPCION+9,prodh
   581  000172  C00A  FFF3         	movff	??_INTERRUPCION+8,prodl
   582  000176  C009  FFDA         	movff	??_INTERRUPCION+7,fsr2h
   583  00017A  C008  FFD9         	movff	??_INTERRUPCION+6,fsr2l
   584  00017E  C007  FFE2         	movff	??_INTERRUPCION+5,fsr1h
   585  000182  C006  FFE1         	movff	??_INTERRUPCION+4,fsr1l
   586  000186  C005  FFEA         	movff	??_INTERRUPCION+3,fsr0h
   587  00018A  C004  FFE9         	movff	??_INTERRUPCION+2,fsr0l
   588  00018E  C003  FFFB         	movff	??_INTERRUPCION+1,pclatu
   589  000192  C002  FFFA         	movff	??_INTERRUPCION,pclath
   590  000196  0011               	retfie		f
   591  000198                     __end_of_INTERRUPCION:
   592                           	opt stack 0
   593                           pclatu	equ	0xFFB
   594                           pclath	equ	0xFFA
   595                           tblptru	equ	0xFF8
   596                           tblptrh	equ	0xFF7
   597                           tblptrl	equ	0xFF6
   598                           tablat	equ	0xFF5
   599                           prodh	equ	0xFF4
   600                           prodl	equ	0xFF3
   601                           intcon	equ	0xFF2
   602                           postinc0	equ	0xFEE
   603                           fsr0h	equ	0xFEA
   604                           fsr0l	equ	0xFE9
   605                           wreg	equ	0xFE8
   606                           postdec1	equ	0xFE5
   607                           fsr1h	equ	0xFE2
   608                           fsr1l	equ	0xFE1
   609                           fsr2h	equ	0xFDA
   610                           fsr2l	equ	0xFD9
   611                           status	equ	0xFD8
   612                           
   613 ;; *************** function _mpap_do1step *****************
   614 ;; Defined at:
   615 ;;		line 39 in file "bipolar1.c"
   616 ;; Parameters:    Size  Location     Type
   617 ;;  KI              1    wreg     char 
   618 ;; Auto vars:     Size  Location     Type
   619 ;;  KI              1    0[COMRAM] char 
   620 ;; Return value:  Size  Location     Type
   621 ;;		None               void
   622 ;; Registers used:
   623 ;;		wreg, fsr2l, fsr2h, status,2, status,0, pclat, tosl, prodl, prodh, cstack
   624 ;; Tracked objects:
   625 ;;		On entry : 0/0
   626 ;;		On exit  : 0/0
   627 ;;		Unchanged: 0/0
   628 ;; Data sizes:     COMRAM   BANK0   BANK1   BANK2   BANK3   BANK4   BANK5   BANK6   BANK7
   629 ;;      Params:         0       0       0       0       0       0       0       0       0
   630 ;;      Locals:         1       0       0       0       0       0       0       0       0
   631 ;;      Temps:          0       0       0       0       0       0       0       0       0
   632 ;;      Totals:         1       0       0       0       0       0       0       0       0
   633 ;;Total ram usage:        1 bytes
   634 ;; Hardware stack levels used:    1
   635 ;; Hardware stack levels required when called:    1
   636 ;; This function calls:
   637 ;;		__mpap_step1
   638 ;;		__mpap_step2
   639 ;;		__mpap_step3
   640 ;;		__mpap_step4
   641 ;; This function is called by:
   642 ;;		_INTERRUPCION
   643 ;; This function uses a non-reentrant model
   644 ;;
   645                           
   646                           	psect	text3
   647  000198                     __ptext3:
   648                           	opt stack 0
   649  000198                     _mpap_do1step:
   650                           	opt stack 27
   651                           
   652                           ;incstack = 0
   653                           ;mpap_do1step@KI stored from wreg
   654  000198  6E01               	movwf	mpap_do1step@KI,c
   655                           
   656                           ;bipolar1.c: 41: static int8_t i = -1;
   657                           ;bipolar1.c: 43: i = i + KI;
   658  00019A  501D               	movf	mpap_do1step@i,w,c
   659  00019C  2401               	addwf	mpap_do1step@KI,w,c
   660  00019E  6E1D               	movwf	mpap_do1step@i,c
   661                           
   662                           ;bipolar1.c: 44: if (i > 3)
   663  0001A0  501D               	movf	mpap_do1step@i,w,c
   664  0001A2  0A80               	xorlw	128
   665  0001A4  0F7C               	addlw	-132
   666  0001A6  A0D8               	btfss	status,0,c
   667  0001A8  D002               	goto	i2l674
   668                           
   669                           ;bipolar1.c: 45: {
   670                           ;bipolar1.c: 46: i = 0;
   671  0001AA  0E00               	movlw	0
   672  0001AC  6E1D               	movwf	mpap_do1step@i,c
   673  0001AE                     i2l674:
   674                           
   675                           ;bipolar1.c: 47: }
   676                           ;bipolar1.c: 48: if (i < 0)
   677  0001AE  AE1D               	btfss	mpap_do1step@i,7,c
   678  0001B0  D002               	goto	i2l678
   679                           
   680                           ;bipolar1.c: 49: {
   681                           ;bipolar1.c: 50: i = 3;
   682  0001B2  0E03               	movlw	3
   683  0001B4  6E1D               	movwf	mpap_do1step@i,c
   684  0001B6                     i2l678:
   685                           
   686                           ;bipolar1.c: 51: }
   687                           ;bipolar1.c: 52: mpap_step[i]();
   688  0001B6  501D               	movf	mpap_do1step@i,w,c
   689  0001B8  0D02               	mullw	2
   690  0001BA  0E15               	movlw	low _mpap_step
   691  0001BC  24F3               	addwf	prodl,w,c
   692  0001BE  6ED9               	movwf	fsr2l,c
   693  0001C0  0E00               	movlw	high _mpap_step
   694  0001C2  20F4               	addwfc	prodh,w,c
   695  0001C4  6EDA               	movwf	fsr2h,c
   696  0001C6  D801               	call	i2u3_48
   697  0001C8  D00A               	goto	i2u3_49
   698  0001CA                     i2u3_48:
   699  0001CA  0005               	push	
   700  0001CC  6EFA               	movwf	pclath,c
   701  0001CE  50DE               	movf	postinc2,w,c
   702  0001D0  6EFD               	movwf	tosl,c
   703  0001D2  50DE               	movf	postinc2,w,c
   704  0001D4  6EFE               	movwf	tosh,c
   705  0001D6  50F8               	movf	tblptru,w,c
   706  0001D8  6EFF               	movwf	tosu,c
   707  0001DA  50FA               	movf	pclath,w,c
   708  0001DC  0012               	return		;indir
   709  0001DE                     i2u3_49:
   710  0001DE  0012               	return	
   711  0001E0                     __end_of_mpap_do1step:
   712                           	opt stack 0
   713                           tosu	equ	0xFFF
   714                           tosh	equ	0xFFE
   715                           tosl	equ	0xFFD
   716                           pclatu	equ	0xFFB
   717                           pclath	equ	0xFFA
   718                           tblptru	equ	0xFF8
   719                           tblptrh	equ	0xFF7
   720                           tblptrl	equ	0xFF6
   721                           tablat	equ	0xFF5
   722                           prodh	equ	0xFF4
   723                           prodl	equ	0xFF3
   724                           intcon	equ	0xFF2
   725                           postinc0	equ	0xFEE
   726                           fsr0h	equ	0xFEA
   727                           fsr0l	equ	0xFE9
   728                           wreg	equ	0xFE8
   729                           postdec1	equ	0xFE5
   730                           fsr1h	equ	0xFE2
   731                           fsr1l	equ	0xFE1
   732                           postinc2	equ	0xFDE
   733                           fsr2h	equ	0xFDA
   734                           fsr2l	equ	0xFD9
   735                           status	equ	0xFD8
   736                           
   737 ;; *************** function __mpap_step3 *****************
   738 ;; Defined at:
   739 ;;		line 28 in file "bipolar1.c"
   740 ;; Parameters:    Size  Location     Type
   741 ;;		None
   742 ;; Auto vars:     Size  Location     Type
   743 ;;		None
   744 ;; Return value:  Size  Location     Type
   745 ;;		None               void
   746 ;; Registers used:
   747 ;;		wreg, status,2
   748 ;; Tracked objects:
   749 ;;		On entry : 0/0
   750 ;;		On exit  : 0/0
   751 ;;		Unchanged: 0/0
   752 ;; Data sizes:     COMRAM   BANK0   BANK1   BANK2   BANK3   BANK4   BANK5   BANK6   BANK7
   753 ;;      Params:         0       0       0       0       0       0       0       0       0
   754 ;;      Locals:         0       0       0       0       0       0       0       0       0
   755 ;;      Temps:          0       0       0       0       0       0       0       0       0
   756 ;;      Totals:         0       0       0       0       0       0       0       0       0
   757 ;;Total ram usage:        0 bytes
   758 ;; Hardware stack levels used:    1
   759 ;; This function calls:
   760 ;;		Nothing
   761 ;; This function is called by:
   762 ;;		_mpap_do1step
   763 ;; This function uses a non-reentrant model
   764 ;;
   765                           
   766                           	psect	text4
   767  000236                     __ptext4:
   768                           	opt stack 0
   769  000236                     __mpap_step3:
   770                           	opt stack 27
   771                           
   772                           ;bipolar1.c: 30: LATD = 0B00000000;
   773                           
   774                           ;incstack = 0
   775  000236  0E00               	movlw	0
   776  000238  6E8C               	movwf	3980,c	;volatile
   777  00023A  0012               	return	
   778  00023C                     __end_of__mpap_step3:
   779                           	opt stack 0
   780                           tosu	equ	0xFFF
   781                           tosh	equ	0xFFE
   782                           tosl	equ	0xFFD
   783                           pclatu	equ	0xFFB
   784                           pclath	equ	0xFFA
   785                           tblptru	equ	0xFF8
   786                           tblptrh	equ	0xFF7
   787                           tblptrl	equ	0xFF6
   788                           tablat	equ	0xFF5
   789                           prodh	equ	0xFF4
   790                           prodl	equ	0xFF3
   791                           intcon	equ	0xFF2
   792                           postinc0	equ	0xFEE
   793                           fsr0h	equ	0xFEA
   794                           fsr0l	equ	0xFE9
   795                           wreg	equ	0xFE8
   796                           postdec1	equ	0xFE5
   797                           fsr1h	equ	0xFE2
   798                           fsr1l	equ	0xFE1
   799                           postinc2	equ	0xFDE
   800                           fsr2h	equ	0xFDA
   801                           fsr2l	equ	0xFD9
   802                           status	equ	0xFD8
   803                           
   804 ;; *************** function __mpap_step2 *****************
   805 ;; Defined at:
   806 ;;		line 24 in file "bipolar1.c"
   807 ;; Parameters:    Size  Location     Type
   808 ;;		None
   809 ;; Auto vars:     Size  Location     Type
   810 ;;		None
   811 ;; Return value:  Size  Location     Type
   812 ;;		None               void
   813 ;; Registers used:
   814 ;;		wreg, status,2
   815 ;; Tracked objects:
   816 ;;		On entry : 0/0
   817 ;;		On exit  : 0/0
   818 ;;		Unchanged: 0/0
   819 ;; Data sizes:     COMRAM   BANK0   BANK1   BANK2   BANK3   BANK4   BANK5   BANK6   BANK7
   820 ;;      Params:         0       0       0       0       0       0       0       0       0
   821 ;;      Locals:         0       0       0       0       0       0       0       0       0
   822 ;;      Temps:          0       0       0       0       0       0       0       0       0
   823 ;;      Totals:         0       0       0       0       0       0       0       0       0
   824 ;;Total ram usage:        0 bytes
   825 ;; Hardware stack levels used:    1
   826 ;; This function calls:
   827 ;;		Nothing
   828 ;; This function is called by:
   829 ;;		_mpap_do1step
   830 ;; This function uses a non-reentrant model
   831 ;;
   832                           
   833                           	psect	text5
   834  00023C                     __ptext5:
   835                           	opt stack 0
   836  00023C                     __mpap_step2:
   837                           	opt stack 27
   838                           
   839                           ;bipolar1.c: 26: LATD = 0B00000010;
   840                           
   841                           ;incstack = 0
   842  00023C  0E02               	movlw	2
   843  00023E  6E8C               	movwf	3980,c	;volatile
   844  000240  0012               	return	
   845  000242                     __end_of__mpap_step2:
   846                           	opt stack 0
   847                           tosu	equ	0xFFF
   848                           tosh	equ	0xFFE
   849                           tosl	equ	0xFFD
   850                           pclatu	equ	0xFFB
   851                           pclath	equ	0xFFA
   852                           tblptru	equ	0xFF8
   853                           tblptrh	equ	0xFF7
   854                           tblptrl	equ	0xFF6
   855                           tablat	equ	0xFF5
   856                           prodh	equ	0xFF4
   857                           prodl	equ	0xFF3
   858                           intcon	equ	0xFF2
   859                           postinc0	equ	0xFEE
   860                           fsr0h	equ	0xFEA
   861                           fsr0l	equ	0xFE9
   862                           wreg	equ	0xFE8
   863                           postdec1	equ	0xFE5
   864                           fsr1h	equ	0xFE2
   865                           fsr1l	equ	0xFE1
   866                           postinc2	equ	0xFDE
   867                           fsr2h	equ	0xFDA
   868                           fsr2l	equ	0xFD9
   869                           status	equ	0xFD8
   870                           
   871 ;; *************** function __mpap_step1 *****************
   872 ;; Defined at:
   873 ;;		line 20 in file "bipolar1.c"
   874 ;; Parameters:    Size  Location     Type
   875 ;;		None
   876 ;; Auto vars:     Size  Location     Type
   877 ;;		None
   878 ;; Return value:  Size  Location     Type
   879 ;;		None               void
   880 ;; Registers used:
   881 ;;		wreg, status,2
   882 ;; Tracked objects:
   883 ;;		On entry : 0/0
   884 ;;		On exit  : 0/0
   885 ;;		Unchanged: 0/0
   886 ;; Data sizes:     COMRAM   BANK0   BANK1   BANK2   BANK3   BANK4   BANK5   BANK6   BANK7
   887 ;;      Params:         0       0       0       0       0       0       0       0       0
   888 ;;      Locals:         0       0       0       0       0       0       0       0       0
   889 ;;      Temps:          0       0       0       0       0       0       0       0       0
   890 ;;      Totals:         0       0       0       0       0       0       0       0       0
   891 ;;Total ram usage:        0 bytes
   892 ;; Hardware stack levels used:    1
   893 ;; This function calls:
   894 ;;		Nothing
   895 ;; This function is called by:
   896 ;;		_mpap_do1step
   897 ;; This function uses a non-reentrant model
   898 ;;
   899                           
   900                           	psect	text6
   901  000242                     __ptext6:
   902                           	opt stack 0
   903  000242                     __mpap_step1:
   904                           	opt stack 27
   905                           
   906                           ;bipolar1.c: 22: LATD = 0B00000110;
   907                           
   908                           ;incstack = 0
   909  000242  0E06               	movlw	6
   910  000244  6E8C               	movwf	3980,c	;volatile
   911  000246  0012               	return	
   912  000248                     __end_of__mpap_step1:
   913                           	opt stack 0
   914                           tosu	equ	0xFFF
   915                           tosh	equ	0xFFE
   916                           tosl	equ	0xFFD
   917                           pclatu	equ	0xFFB
   918                           pclath	equ	0xFFA
   919                           tblptru	equ	0xFF8
   920                           tblptrh	equ	0xFF7
   921                           tblptrl	equ	0xFF6
   922                           tablat	equ	0xFF5
   923                           prodh	equ	0xFF4
   924                           prodl	equ	0xFF3
   925                           intcon	equ	0xFF2
   926                           postinc0	equ	0xFEE
   927                           fsr0h	equ	0xFEA
   928                           fsr0l	equ	0xFE9
   929                           wreg	equ	0xFE8
   930                           postdec1	equ	0xFE5
   931                           fsr1h	equ	0xFE2
   932                           fsr1l	equ	0xFE1
   933                           postinc2	equ	0xFDE
   934                           fsr2h	equ	0xFDA
   935                           fsr2l	equ	0xFD9
   936                           status	equ	0xFD8
   937                           
   938 ;; *************** function __mpap_step4 *****************
   939 ;; Defined at:
   940 ;;		line 32 in file "bipolar1.c"
   941 ;; Parameters:    Size  Location     Type
   942 ;;		None
   943 ;; Auto vars:     Size  Location     Type
   944 ;;		None
   945 ;; Return value:  Size  Location     Type
   946 ;;		None               void
   947 ;; Registers used:
   948 ;;		wreg, status,2
   949 ;; Tracked objects:
   950 ;;		On entry : 0/0
   951 ;;		On exit  : 0/0
   952 ;;		Unchanged: 0/0
   953 ;; Data sizes:     COMRAM   BANK0   BANK1   BANK2   BANK3   BANK4   BANK5   BANK6   BANK7
   954 ;;      Params:         0       0       0       0       0       0       0       0       0
   955 ;;      Locals:         0       0       0       0       0       0       0       0       0
   956 ;;      Temps:          0       0       0       0       0       0       0       0       0
   957 ;;      Totals:         0       0       0       0       0       0       0       0       0
   958 ;;Total ram usage:        0 bytes
   959 ;; Hardware stack levels used:    1
   960 ;; This function calls:
   961 ;;		Nothing
   962 ;; This function is called by:
   963 ;;		_mpap_do1step
   964 ;; This function uses a non-reentrant model
   965 ;;
   966                           
   967                           	psect	text7
   968  000248                     __ptext7:
   969                           	opt stack 0
   970  000248                     __mpap_step4:
   971                           	opt stack 27
   972                           
   973                           ;bipolar1.c: 34: LATD = 0B00000100;
   974                           
   975                           ;incstack = 0
   976  000248  0E04               	movlw	4
   977  00024A  6E8C               	movwf	3980,c	;volatile
   978  00024C  0012               	return	
   979  00024E                     __end_of__mpap_step4:
   980                           	opt stack 0
   981  0000                     tosu	equ	0xFFF
   982                           tosh	equ	0xFFE
   983                           tosl	equ	0xFFD
   984                           pclatu	equ	0xFFB
   985                           pclath	equ	0xFFA
   986                           tblptru	equ	0xFF8
   987                           tblptrh	equ	0xFF7
   988                           tblptrl	equ	0xFF6
   989                           tablat	equ	0xFF5
   990                           prodh	equ	0xFF4
   991                           prodl	equ	0xFF3
   992                           intcon	equ	0xFF2
   993                           postinc0	equ	0xFEE
   994                           fsr0h	equ	0xFEA
   995                           fsr0l	equ	0xFE9
   996                           wreg	equ	0xFE8
   997                           postdec1	equ	0xFE5
   998                           fsr1h	equ	0xFE2
   999                           fsr1l	equ	0xFE1
  1000                           postinc2	equ	0xFDE
  1001                           fsr2h	equ	0xFDA
  1002                           fsr2l	equ	0xFD9
  1003                           status	equ	0xFD8
  1004                           tosu	equ	0xFFF
  1005                           tosh	equ	0xFFE
  1006                           tosl	equ	0xFFD
  1007                           pclatu	equ	0xFFB
  1008                           pclath	equ	0xFFA
  1009                           tblptru	equ	0xFF8
  1010                           tblptrh	equ	0xFF7
  1011                           tblptrl	equ	0xFF6
  1012                           tablat	equ	0xFF5
  1013                           prodh	equ	0xFF4
  1014                           prodl	equ	0xFF3
  1015                           intcon	equ	0xFF2
  1016                           postinc0	equ	0xFEE
  1017                           fsr0h	equ	0xFEA
  1018                           fsr0l	equ	0xFE9
  1019                           wreg	equ	0xFE8
  1020                           postdec1	equ	0xFE5
  1021                           fsr1h	equ	0xFE2
  1022                           fsr1l	equ	0xFE1
  1023                           postinc2	equ	0xFDE
  1024                           fsr2h	equ	0xFDA
  1025                           fsr2l	equ	0xFD9
  1026                           status	equ	0xFD8
  1027                           
  1028                           	psect	text8
  1029  000000                     __ptext8:
  1030                           	opt stack 0
  1031                           tosu	equ	0xFFF
  1032                           tosh	equ	0xFFE
  1033                           tosl	equ	0xFFD
  1034                           pclatu	equ	0xFFB
  1035                           pclath	equ	0xFFA
  1036                           tblptru	equ	0xFF8
  1037                           tblptrh	equ	0xFF7
  1038                           tblptrl	equ	0xFF6
  1039                           tablat	equ	0xFF5
  1040                           prodh	equ	0xFF4
  1041                           prodl	equ	0xFF3
  1042                           intcon	equ	0xFF2
  1043                           postinc0	equ	0xFEE
  1044                           fsr0h	equ	0xFEA
  1045                           fsr0l	equ	0xFE9
  1046                           wreg	equ	0xFE8
  1047                           postdec1	equ	0xFE5
  1048                           fsr1h	equ	0xFE2
  1049                           fsr1l	equ	0xFE1
  1050                           postinc2	equ	0xFDE
  1051                           fsr2h	equ	0xFDA
  1052                           fsr2l	equ	0xFD9
  1053                           status	equ	0xFD8
  1054                           
  1055                           	psect	rparam
  1056  0000                     tosu	equ	0xFFF
  1057                           tosh	equ	0xFFE
  1058                           tosl	equ	0xFFD
  1059                           pclatu	equ	0xFFB
  1060                           pclath	equ	0xFFA
  1061                           tblptru	equ	0xFF8
  1062                           tblptrh	equ	0xFF7
  1063                           tblptrl	equ	0xFF6
  1064                           tablat	equ	0xFF5
  1065                           prodh	equ	0xFF4
  1066                           prodl	equ	0xFF3
  1067                           intcon	equ	0xFF2
  1068                           postinc0	equ	0xFEE
  1069                           fsr0h	equ	0xFEA
  1070                           fsr0l	equ	0xFE9
  1071                           wreg	equ	0xFE8
  1072                           postdec1	equ	0xFE5
  1073                           fsr1h	equ	0xFE2
  1074                           fsr1l	equ	0xFE1
  1075                           postinc2	equ	0xFDE
  1076                           fsr2h	equ	0xFDA
  1077                           fsr2l	equ	0xFD9
  1078                           status	equ	0xFD8


Data Sizes:
    Strings     0
    Constant    0
    Data        9
    BSS         1
    Persistent  0
    Stack       0

Auto Spaces:
    Space          Size  Autos    Used
    COMRAM           95     20      30
    BANK0           160      0       0
    BANK1           256      0       0
    BANK2           256      0       0
    BANK3           256      0       0
    BANK4           256      0       0
    BANK5           256      0       0
    BANK6           256      0       0
    BANK7           256      0       0

Pointer List with Targets:

    mpap_step	PTR FTN()void [4] size(2) Largest target is 0
		 -> _mpap_step4(), _mpap_step3(), _mpap_step2(), _mpap_step1(), 


Critical Paths under _main in COMRAM

    _main->_halpstep

Critical Paths under _INTERRUPCION in COMRAM

    _INTERRUPCION->_mpap_do1step

Critical Paths under _main in BANK0

    None.

Critical Paths under _INTERRUPCION in BANK0

    None.

Critical Paths under _main in BANK1

    None.

Critical Paths under _INTERRUPCION in BANK1

    None.

Critical Paths under _main in BANK2

    None.

Critical Paths under _INTERRUPCION in BANK2

    None.

Critical Paths under _main in BANK3

    None.

Critical Paths under _INTERRUPCION in BANK3

    None.

Critical Paths under _main in BANK4

    None.

Critical Paths under _INTERRUPCION in BANK4

    None.

Critical Paths under _main in BANK5

    None.

Critical Paths under _INTERRUPCION in BANK5

    None.

Critical Paths under _main in BANK6

    None.

Critical Paths under _INTERRUPCION in BANK6

    None.

Critical Paths under _main in BANK7

    None.

Critical Paths under _INTERRUPCION in BANK7

    None.

Call Graph Tables:

 ---------------------------------------------------------------------------------
 (Depth) Function   	        Calls       Base Space   Used Autos Params    Refs
 ---------------------------------------------------------------------------------
 (0) _main                                                 0     0      0      60
                           _halpstep
 ---------------------------------------------------------------------------------
 (1) _halpstep                                             5     5      0      60
                                             15 COMRAM     5     5      0
 ---------------------------------------------------------------------------------
 Estimated maximum stack depth 1
 ---------------------------------------------------------------------------------
 (Depth) Function   	        Calls       Base Space   Used Autos Params    Refs
 ---------------------------------------------------------------------------------
 (2) _INTERRUPCION                                        14    14      0      15
                                              1 COMRAM    14    14      0
                       _mpap_do1step
 ---------------------------------------------------------------------------------
 (3) _mpap_do1step                                         1     1      0      15
                                              0 COMRAM     1     1      0
                        __mpap_step1 *
                        __mpap_step2 *
                        __mpap_step3 *
                        __mpap_step4 *
 ---------------------------------------------------------------------------------
 (4) __mpap_step4                                          0     0      0       0
 ---------------------------------------------------------------------------------
 (4) __mpap_step3                                          0     0      0       0
 ---------------------------------------------------------------------------------
 (4) __mpap_step2                                          0     0      0       0
 ---------------------------------------------------------------------------------
 (4) __mpap_step1                                          0     0      0       0
 ---------------------------------------------------------------------------------
 Estimated maximum stack depth 4
 ---------------------------------------------------------------------------------

 Call Graph Graphs:

 _main (ROOT)
   _halpstep

 _INTERRUPCION (ROOT)
   _mpap_do1step
     __mpap_step1 *
     __mpap_step2 *
     __mpap_step3 *
     __mpap_step4 *

 Address spaces:
Name               Size   Autos  Total    Cost      Usage
BIGRAM             7FF      0       0      21        0.0%
EEDATA             100      0       0       0        0.0%
BITBANK7           100      0       0      18        0.0%
BANK7              100      0       0      19        0.0%
BITBANK6           100      0       0      16        0.0%
BANK6              100      0       0      17        0.0%
BITBANK5           100      0       0      14        0.0%
BANK5              100      0       0      15        0.0%
BITBANK4           100      0       0      12        0.0%
BANK4              100      0       0      13        0.0%
BITBANK3           100      0       0      10        0.0%
BANK3              100      0       0      11        0.0%
BITBANK2           100      0       0       8        0.0%
BANK2              100      0       0       9        0.0%
BITBANK1           100      0       0       6        0.0%
BANK1              100      0       0       7        0.0%
BITBANK0            A0      0       0       4        0.0%
BANK0               A0      0       0       5        0.0%
BITCOMRAM           5F      0       0       0        0.0%
COMRAM              5F     14      1E       1       31.6%
BITSFR               0      0       0      40        0.0%
SFR                  0      0       0      40        0.0%
STACK                0      0       0       2        0.0%
NULL                 0      0       0       0        0.0%
ABS                  0      0      1E      20        0.0%
DATA                 0      0      1E       3        0.0%
CODE                 0      0       0       0        0.0%


Microchip Technology PIC18 Macro Assembler V1.33 build 59893 
Symbol Table                                                                                   Wed Oct  2 21:45:58 2019

            __CFG_CP0$ON 000000              __CFG_CP1$ON 000000              __CFG_CP2$ON 000000  
            __CFG_CP3$ON 000000                       l48 001C                       l68 022A  
            __CFG_BORV$3 000000                      l710 00DA                      _GIE 007F97  
                    u207 00B6                      u217 00CA                      u227 00FC  
                    u147 003E                      u157 0052                      u167 0066  
                    u177 007A             __CFG_CPD$OFF 000000                      u187 008E  
                    u197 00A2             __CFG_BOR$OFF 000000                      prod 000FF3  
                    tosl 000FFD                      wreg 000FE8             __CFG_LVP$OFF 000000  
           __CFG_WDT$OFF 000000                     _LATD 000F8C                     _PEIE 007F96  
                   i2l78 015E             __CFG_PWRT$ON 000000                     _main 020C  
                   fsr0h 000FEA                     fsr1h 000FE2                     fsr0l 000FE9  
                   fsr2h 000FDA                     fsr1l 000FE1                     fsr2l 000FD9  
                   pclat 000FFA                     prodh 000FF4                     prodl 000FF3  
                   start 0018            __CFG_IESO$OFF 000000            __CFG_MCLRE$ON 000000  
          __CFG_PLLDIV$5 000000                    ?_main 0001                    _T0CON 000FD5  
                  _LATC1 007C59                    i2l674 01AE                    i2l678 01B6  
                  i2l778 0154                    _TMR0H 000FD7                    _TMR0L 000FD6  
          __CFG_USBDIV$2 000000                    _TRISD 000F95           __CFG_FCMEN$OFF 000000  
          ?_INTERRUPCION 0001                    pclath 000FFA                    tablat 000FF5  
                  status 000FD8     __size_of__mpap_step1 0006     __size_of__mpap_step2 0006  
   __size_of__mpap_step3 0006     __size_of__mpap_step4 0006          __initialization 01E0  
           __end_of_main 022C                   ??_main 0015            mpap_do1step@i 001D  
          __activetblptr 000002           ??_INTERRUPCION 0002                   _TMR0IE 007F95  
                 _TMR0IF 007F92                   i2u3_48 01CA                   i2u3_49 01DE  
                 _TRISC1 007CA1           __CFG_VREGEN$ON 000000         __end_of_halpstep 010C  
           __pdataCOMRAM 0015                   tblptrh 000FF7                   tblptrl 000FF6  
                 tblptru 000FF8               __accesstop 0060  __end_of__initialization 0202  
        __CFG_PBADEN$OFF 000000            ?_mpap_do1step 0001           __pcstackCOMRAM 0001  
         mpap_do1step@KI 0001           ??_mpap_do1step 0001     __end_of_INTERRUPCION 0198  
              ?_halpstep 0001                  __Hparam 0000                  __Lparam 0000  
                __pcinit 01E0                  __ramtop 0800                  __ptext0 020C  
                __ptext1 001C                  __ptext3 0198                  __ptext4 0236  
                __ptext5 023C                  __ptext6 0242                  __ptext7 0248  
                __ptext8 0000               ??_halpstep 0010           __pintcode_body 010C  
   end_of_initialization 0202            ??__mpap_step1 0001            ??__mpap_step2 0001  
          ??__mpap_step3 0001            ??__mpap_step4 0001            __Lmediumconst 0000  
                int_func 010C                  postdec1 000FE5                  postinc0 000FEE  
                postinc2 000FDE     __end_of_mpap_do1step 01E0    __size_of_INTERRUPCION 0190  
    __end_of__mpap_step1 0248      __end_of__mpap_step2 0242      __end_of__mpap_step3 023C  
    __end_of__mpap_step4 024E            __pidataCOMRAM 022C      start_initialization 01E0  
           _INTERRUPCION 0008              __pbssCOMRAM 001E        __size_of_halpstep 00F0  
            __mpap_step1 0242              __mpap_step2 023C              __mpap_step3 0236  
            __mpap_step4 0248                __pintcode 0008    __size_of_mpap_do1step 0048  
              _mpap_step 0015             _mpap_do1step 0198                halpstep@d 0011  
              halpstep@i 0013                copy_data0 01F6                 __Hrparam 0000  
               __Lrparam 0000                 _halpstep 001C            __size_of_main 0020  
  __CFG_CPUDIV$OSC1_PLL2 000000                 intlevel2 0000             ?__mpap_step1 0001  
           ?__mpap_step2 0001             ?__mpap_step3 0001             ?__mpap_step4 0001  
     INTERRUPCION@cticks 001E       __CFG_FOSC$HSPLL_HS 000000  
